<?xml version="1.0" encoding="UTF-8"?>
<!-- Generated by org.testng.reporters.JUnitXMLReporter -->
<testsuite ignored="1" hostname="DESKTOP-74QQ2KO" failures="0" tests="1" name="ErrorValidations" time="7.061" errors="0" timestamp="2025-05-26T20:50:38 IST">
  <testcase classname="ke.tests.ErrorValidations" name="loginError" time="1.136"/>
  <testcase classname="ke.tests.ErrorValidations" name="productErrorValidation" time="0.0">
    <ignored/>
  </testcase> <!-- productErrorValidation -->
</testsuite> <!-- ErrorValidations -->
