<?xml version="1.0" encoding="UTF-8"?>
<!-- Generated by org.testng.reporters.JUnitXMLReporter -->
<testsuite ignored="0" hostname="DESKTOP-74QQ2KO" failures="0" tests="3" name="ErrorValidations" time="17.509" errors="0" timestamp="2024-07-21T13:35:48 IST">
  <testcase classname="ke.tests.ErrorValidations" name="loginError" time="1.189"/>
  <testcase classname="ke.tests.ErrorValidations" name="productErrorValidation" time="2.684">
    <skipped/>
  </testcase> <!-- productErrorValidation -->
  <testcase classname="ke.tests.ErrorValidations" name="productErrorValidation" time="2.77"/>
</testsuite> <!-- ErrorValidations -->
