<?xml version="1.0" encoding="UTF-8"?>
<!-- Generated by org.testng.reporters.JUnitXMLReporter -->
<testsuite ignored="0" hostname="DESKTOP-74QQ2KO" failures="0" tests="2" name="ErrorValidations" time="0.104" errors="0" timestamp="2024-07-30T19:25:23 IST">
  <testcase classname="ke.tests.ErrorValidations" name="loginError" time="0.0">
    <skipped/>
  </testcase> <!-- loginError -->
  <testcase classname="ke.tests.ErrorValidations" name="productErrorValidation" time="0.0">
    <skipped/>
  </testcase> <!-- productErrorValidation -->
</testsuite> <!-- ErrorValidations -->
