<?xml version="1.0" encoding="UTF-8"?>
<!-- Generated by org.testng.reporters.JUnitXMLReporter -->
<testsuite ignored="2" hostname="DESKTOP-74QQ2KO" failures="0" tests="0" time="0.018" errors="0" timestamp="2024-07-24T16:56:41 IST">
  <testcase classname="ke.tests.ErrorValidations" name="loginError" time="0.0">
    <ignored/>
  </testcase> <!-- loginError -->
  <testcase classname="ke.tests.ErrorValidations" name="productErrorValidation" time="0.0">
    <ignored/>
  </testcase> <!-- productErrorValidation -->
</testsuite>
