<?xml version="1.0" encoding="UTF-8"?>
<!-- Generated by org.testng.reporters.JUnitReportReporter -->
<testsuite hostname="DESKTOP-74QQ2KO" failures="0" tests="1" name="cucumber.TestNGTestRuner" time="0.118" errors="1" timestamp="2024-07-24T17:03:18 IST" skipped="0">
  <testcase classname="cucumber.TestNGTestRuner" name="runScenario" time="0.118">
    <error message="Cannot invoke &quot;org.openqa.selenium.WebDriver.manage()&quot; because &quot;this.driver&quot; is null" type="java.lang.NullPointerException">
      <![CDATA[java.lang.NullPointerException: Cannot invoke "org.openqa.selenium.WebDriver.manage()" because "this.driver" is null
at ke.TestComponent.BaseTest.initializeDriver(BaseTest.java:61)
at ke.TestComponent.BaseTest.launchApplication(BaseTest.java:69)
at ke.stepDefinations.stepdefinationsimpl.i_landed_on_Ecommerce_page(stepdefinationsimpl.java:27)
at ✽.I landed on Ecommerce page(file:///C:/Users/kedar/eclipse-workspace/ked12/src/test/java/cucumber/StandloneTest.feature:6)
]]>
    </error>
  </testcase> <!-- runScenario -->
</testsuite> <!-- cucumber.TestNGTestRuner -->
